<?xml version="1.0" encoding="UTF-8"?>
<!-- Generated by org.testng.reporters.JUnitXMLReporter -->
<testsuite ignored="0" hostname="naina" failures="0" tests="1" name="Default test" time="0.028" errors="0" timestamp="2022-02-04T09:20:25 IST">
  <testcase classname="com.FlipkartProject.Tests.BaseTest" name="@BeforeSuite getTestData" time="0.474">
    <failure type="java.lang.IndexOutOfBoundsException" message="Index 0 out of bounds for length 0">
      <![CDATA[java.lang.IndexOutOfBoundsException: Index 0 out of bounds for length 0
at java.base/jdk.internal.util.Preconditions.outOfBounds(Preconditions.java:64)
at java.base/jdk.internal.util.Preconditions.outOfBoundsCheckIndex(Preconditions.java:70)
at java.base/jdk.internal.util.Preconditions.checkIndex(Preconditions.java:248)
at java.base/java.util.Objects.checkIndex(Objects.java:372)
at java.base/java.util.ArrayList.get(ArrayList.java:458)
at com.FlipkartProject.utils.ExcelDataProvider.getData(ExcelDataProvider.java:23)
at com.FlipkartProject.Tests.BaseTest.getTestData(BaseTest.java:93)
at java.base/jdk.internal.reflect.NativeMethodAccessorImpl.invoke0(Native Method)
at java.base/jdk.internal.reflect.NativeMethodAccessorImpl.invoke(NativeMethodAccessorImpl.java:62)
at java.base/jdk.internal.reflect.DelegatingMethodAccessorImpl.invoke(DelegatingMethodAccessorImpl.java:43)
at java.base/java.lang.reflect.Method.invoke(Method.java:567)
at org.testng.internal.MethodInvocationHelper.invokeMethod(MethodInvocationHelper.java:133)
at org.testng.internal.MethodInvocationHelper.invokeMethodConsideringTimeout(MethodInvocationHelper.java:62)
at org.testng.internal.ConfigInvoker.invokeConfigurationMethod(ConfigInvoker.java:385)
at org.testng.internal.ConfigInvoker.invokeConfigurations(ConfigInvoker.java:321)
at org.testng.SuiteRunner.privateRun(SuiteRunner.java:317)
at org.testng.SuiteRunner.run(SuiteRunner.java:276)
at org.testng.SuiteRunnerWorker.runSuite(SuiteRunnerWorker.java:53)
at org.testng.SuiteRunnerWorker.run(SuiteRunnerWorker.java:96)
at org.testng.TestNG.runSuitesSequentially(TestNG.java:1212)
at org.testng.TestNG.runSuitesLocally(TestNG.java:1134)
at org.testng.TestNG.runSuites(TestNG.java:1063)
at org.testng.TestNG.run(TestNG.java:1031)
at org.testng.remote.AbstractRemoteTestNG.run(AbstractRemoteTestNG.java:115)
at org.testng.remote.RemoteTestNG.initAndRun(RemoteTestNG.java:251)
at org.testng.remote.RemoteTestNG.main(RemoteTestNG.java:77)
]]>
    </failure>
  </testcase> <!-- @BeforeSuite getTestData -->
  <testcase classname="com.FlipkartProject.Tests.BaseTest" name="@BeforeSuite setExtent" time="-1.643946625617E9">
    <skipped/>
  </testcase> <!-- @BeforeSuite setExtent -->
  <testcase classname="com.FlipkartProject.Tests.BaseTest" name="@BeforeMethod intializeWebdriver" time="-1.643946625636E9">
    <skipped/>
  </testcase> <!-- @BeforeMethod intializeWebdriver -->
  <testcase classname="com.FlipkartProject.Tests.BaseTest" name="@BeforeMethod openUrl" time="-1.643946625637E9">
    <skipped/>
  </testcase> <!-- @BeforeMethod openUrl -->
  <testcase classname="com.FlipkartProject.Tests.BaseTest" name="@AfterMethod attachScreenshot" time="-1.643946625642E9">
    <skipped/>
  </testcase> <!-- @AfterMethod attachScreenshot -->
  <testcase classname="com.FlipkartProject.Tests.BaseTest" name="@AfterMethod closeBrowser" time="-1.643946625643E9">
    <skipped/>
  </testcase> <!-- @AfterMethod closeBrowser -->
  <testcase classname="com.FlipkartProject.Tests.AddToCartTest" name="addTOCart" time="0.0">
    <skipped/>
  </testcase> <!-- addTOCart -->
</testsuite> <!-- Default test -->
