<?xml version="1.0" encoding="UTF-8"?>
<!-- Generated by org.testng.reporters.JUnitXMLReporter -->
<testsuite ignored="20" hostname="naina" failures="2" tests="22" name="Test" time="193.262" errors="0" timestamp="07 Feb 2022 11:24:42 GMT">
  <testcase classname="com.FlipkartProject.Tests.LoginTest" name="Test_01_invalidLogin" time="21.296">
    <failure type="org.openqa.selenium.TimeoutException" message="Expected condition failed: waiting for presence of element located by: By.xpath: //div[contains(text(),&amp;apos;Naina&amp;apos;)] (tried for 15 second(s) with 500 milliseconds interval)">
      <![CDATA[org.openqa.selenium.TimeoutException: Expected condition failed: waiting for presence of element located by: By.xpath: //div[contains(text(),'Naina')] (tried for 15 second(s) with 500 milliseconds interval)
at org.openqa.selenium.support.ui.WebDriverWait.timeoutException(WebDriverWait.java:95)
at org.openqa.selenium.support.ui.FluentWait.until(FluentWait.java:272)
at com.FlipkartProject.Pages.LoginPage.loginButton(LoginPage.java:57)
at com.FlipkartProject.Tests.LoginTest.Test_01_invalidLogin(LoginTest.java:36)
Caused by: org.openqa.selenium.NoSuchElementException: no such element: Unable to locate element: {"method":"xpath","selector":"//div[contains(text(),'Naina')]"}
  (Session info: headless chrome=97.0.4692.99)
For documentation on this error, please visit: https://www.seleniumhq.org/exceptions/no_such_element.html
Build info: version: '3.141.59', revision: 'e82be7d358', time: '2018-11-14T08:17:03'
System info: host: 'NAINA', ip: '192.168.101.3', os.name: 'Windows 10', os.arch: 'amd64', os.version: '10.0', java.version: '12.0.2'
Driver info: org.openqa.selenium.chrome.ChromeDriver
Capabilities {acceptInsecureCerts: false, browserName: chrome, browserVersion: 97.0.4692.99, chrome: {chromedriverVersion: 97.0.4692.71 (adefa7837d02a..., userDataDir: C:\Users\naina\AppData\Loca...}, goog:chromeOptions: {debuggerAddress: localhost:64737}, javascriptEnabled: true, networkConnectionEnabled: false, pageLoadStrategy: normal, platform: WINDOWS, platformName: WINDOWS, proxy: Proxy(), setWindowRect: true, strictFileInteractability: false, timeouts: {implicit: 0, pageLoad: 300000, script: 30000}, unhandledPromptBehavior: dismiss and notify, webauthn:extension:credBlob: true, webauthn:extension:largeBlob: true, webauthn:virtualAuthenticators: true}
Session ID: 0b466bb7d7f52b59992fb44ec73a3e4d
*** Element info: {Using=xpath, value=//div[contains(text(),'Naina')]}
at org.openqa.selenium.remote.http.W3CHttpResponseCodec.createException(W3CHttpResponseCodec.java:187)
at org.openqa.selenium.remote.http.W3CHttpResponseCodec.decode(W3CHttpResponseCodec.java:122)
at org.openqa.selenium.remote.http.W3CHttpResponseCodec.decode(W3CHttpResponseCodec.java:49)
at org.openqa.selenium.remote.HttpCommandExecutor.execute(HttpCommandExecutor.java:158)
at org.openqa.selenium.remote.service.DriverCommandExecutor.execute(DriverCommandExecutor.java:83)
at org.openqa.selenium.remote.RemoteWebDriver.execute(RemoteWebDriver.java:552)
at org.openqa.selenium.remote.RemoteWebDriver.findElement(RemoteWebDriver.java:323)
at org.openqa.selenium.remote.RemoteWebDriver.findElementByXPath(RemoteWebDriver.java:428)
at org.openqa.selenium.By$ByXPath.findElement(By.java:353)
at org.openqa.selenium.remote.RemoteWebDriver.findElement(RemoteWebDriver.java:315)
at org.openqa.selenium.support.ui.ExpectedConditions$6.apply(ExpectedConditions.java:182)
at org.openqa.selenium.support.ui.ExpectedConditions$6.apply(ExpectedConditions.java:179)
at org.openqa.selenium.support.ui.FluentWait.until(FluentWait.java:249)
... 31 more
... Removed 34 stack frames]]>
    </failure>
  </testcase> <!-- Test_01_invalidLogin -->
  <testcase classname="com.FlipkartProject.Tests.LoginTest" name="Test_02_validLogin" time="2.642"/>
  <testcase classname="com.FlipkartProject.Tests.LoginTest" name="Test_03_logout" time="2.672"/>
  <testcase classname="com.FlipkartProject.Tests.GroceryTest" name="Test_01_groceryPageVerification" time="0.198"/>
  <testcase classname="com.FlipkartProject.Tests.GroceryTest" name="Test_02_groceryProductSearch" time="0.471"/>
  <testcase classname="com.FlipkartProject.Tests.ElectronicsTest" name="Test_01_Electronics" time="1.512"/>
  <testcase classname="com.FlipkartProject.Tests.FashionTest" name="Test_01_fashion" time="1.611"/>
  <testcase classname="com.FlipkartProject.Tests.PageNavigationTest" name="Test_01_navigation" time="1.152"/>
  <testcase classname="com.FlipkartProject.Tests.ProductSpecificationTest" name="Test_01_changeColorAndStorage" time="4.021">
    <failure type="java.lang.AssertionError" message="expected [APPLE iPhone 12 ( 64 GB GB Storage, 0 GB RAM ) Online at Best Price On Flipkart.com] but found [Buy Apple iPhone 12 ( 128 GB Storage ) Online at Best Price On Flipkart.com]">
      <![CDATA[java.lang.AssertionError: expected [APPLE iPhone 12 ( 64 GB GB Storage, 0 GB RAM ) Online at Best Price On Flipkart.com] but found [Buy Apple iPhone 12 ( 128 GB Storage ) Online at Best Price On Flipkart.com]
at com.FlipkartProject.Tests.ProductSpecificationTest.Test_01_changeColorAndStorage(ProductSpecificationTest.java:36)
... Removed 35 stack frames]]>
    </failure>
  </testcase> <!-- Test_01_changeColorAndStorage -->
  <testcase classname="com.FlipkartProject.Tests.ProductSpecificationTest" name="Test_02_changePincode" time="3.012"/>
  <testcase classname="com.FlipkartProject.Tests.ProductSpecificationTest" name="Test_03_Reviews" time="1.973"/>
  <testcase classname="com.FlipkartProject.Tests.MyOrdersTest" name="Test_01_myOrders" time="5.513"/>
  <testcase classname="com.FlipkartProject.Tests.MyOrdersTest" name="Test_02_OrderIn2020" time="5.242"/>
  <testcase classname="com.FlipkartProject.Tests.MyOrdersTest" name="Test_03_ReviewOrder" time="7.219"/>
  <testcase classname="com.FlipkartProject.Tests.MyProfileTest" name="Test_01_myAddress" time="5.684"/>
  <testcase classname="com.FlipkartProject.Tests.MyProfileTest" name="Test_02_deleteSavedAddress" time="4.142"/>
  <testcase classname="com.FlipkartProject.Tests.AddToCartTest" name="Test_01_addTOCart" time="2.236"/>
  <testcase classname="com.FlipkartProject.Tests.FiltersTest" name="Test_01_popularityFilter" time="1.22"/>
  <testcase classname="com.FlipkartProject.Tests.FiltersTest" name="Test_02_priceLowToHigh" time="1.117"/>
  <testcase classname="com.FlipkartProject.Tests.FiltersTest" name="Test_03_priceHighToLow" time="1.164"/>
  <testcase classname="com.FlipkartProject.Tests.SearchProductTest" name="Test_01_searchAndAddToWishlist" time="3.945"/>
  <testcase classname="com.FlipkartProject.Tests.SearchProductTest" name="Test_02_deleteFromWishlist" time="4.189"/>
  <testcase classname="com.FlipkartProject.Tests.BaseTest" name="@AfterSuite endReport" time="0.0">
    <ignored/>
  </testcase> <!-- @AfterSuite endReport -->
  <testcase classname="com.FlipkartProject.Tests.BaseTest" name="@AfterSuite endReport" time="0.0">
    <ignored/>
  </testcase> <!-- @AfterSuite endReport -->
  <testcase classname="com.FlipkartProject.Tests.BaseTest" name="@AfterSuite endReport" time="0.0">
    <ignored/>
  </testcase> <!-- @AfterSuite endReport -->
  <testcase classname="com.FlipkartProject.Tests.BaseTest" name="@AfterSuite endReport" time="0.0">
    <ignored/>
  </testcase> <!-- @AfterSuite endReport -->
  <testcase classname="com.FlipkartProject.Tests.BaseTest" name="@AfterSuite endReport" time="0.0">
    <ignored/>
  </testcase> <!-- @AfterSuite endReport -->
  <testcase classname="com.FlipkartProject.Tests.BaseTest" name="@AfterSuite endReport" time="0.0">
    <ignored/>
  </testcase> <!-- @AfterSuite endReport -->
  <testcase classname="com.FlipkartProject.Tests.BaseTest" name="@AfterSuite endReport" time="0.0">
    <ignored/>
  </testcase> <!-- @AfterSuite endReport -->
  <testcase classname="com.FlipkartProject.Tests.BaseTest" name="@AfterSuite endReport" time="0.0">
    <ignored/>
  </testcase> <!-- @AfterSuite endReport -->
  <testcase classname="com.FlipkartProject.Tests.BaseTest" name="@AfterSuite endReport" time="0.0">
    <ignored/>
  </testcase> <!-- @AfterSuite endReport -->
  <testcase classname="com.FlipkartProject.Tests.BaseTest" name="@AfterSuite endReport" time="0.0">
    <ignored/>
  </testcase> <!-- @AfterSuite endReport -->
  <testcase classname="com.FlipkartProject.Tests.BaseTest" name="@BeforeSuite setExtent" time="0.0">
    <ignored/>
  </testcase> <!-- @BeforeSuite setExtent -->
  <testcase classname="com.FlipkartProject.Tests.BaseTest" name="@BeforeSuite setExtent" time="0.0">
    <ignored/>
  </testcase> <!-- @BeforeSuite setExtent -->
  <testcase classname="com.FlipkartProject.Tests.BaseTest" name="@BeforeSuite setExtent" time="0.0">
    <ignored/>
  </testcase> <!-- @BeforeSuite setExtent -->
  <testcase classname="com.FlipkartProject.Tests.BaseTest" name="@BeforeSuite setExtent" time="0.0">
    <ignored/>
  </testcase> <!-- @BeforeSuite setExtent -->
  <testcase classname="com.FlipkartProject.Tests.BaseTest" name="@BeforeSuite setExtent" time="0.0">
    <ignored/>
  </testcase> <!-- @BeforeSuite setExtent -->
  <testcase classname="com.FlipkartProject.Tests.BaseTest" name="@BeforeSuite setExtent" time="0.0">
    <ignored/>
  </testcase> <!-- @BeforeSuite setExtent -->
  <testcase classname="com.FlipkartProject.Tests.BaseTest" name="@BeforeSuite setExtent" time="0.0">
    <ignored/>
  </testcase> <!-- @BeforeSuite setExtent -->
  <testcase classname="com.FlipkartProject.Tests.BaseTest" name="@BeforeSuite setExtent" time="0.0">
    <ignored/>
  </testcase> <!-- @BeforeSuite setExtent -->
  <testcase classname="com.FlipkartProject.Tests.BaseTest" name="@BeforeSuite setExtent" time="0.0">
    <ignored/>
  </testcase> <!-- @BeforeSuite setExtent -->
  <testcase classname="com.FlipkartProject.Tests.BaseTest" name="@BeforeSuite setExtent" time="0.0">
    <ignored/>
  </testcase> <!-- @BeforeSuite setExtent -->
</testsuite> <!-- Test -->
