<html>
<head>
<title>TestNG:  Test</title>
<link href="../testng.css" rel="stylesheet" type="text/css" />
<link href="../my-testng.css" rel="stylesheet" type="text/css" />

<style type="text/css">
.log { display: none;} 
.stack-trace { display: none;} 
</style>
<script type="text/javascript">
<!--
function flip(e) {
  current = e.style.display;
  if (current == 'block') {
    e.style.display = 'none';
    return 0;
  }
  else {
    e.style.display = 'block';
    return 1;
  }
}

function toggleBox(szDivId, elem, msg1, msg2)
{
  var res = -1;  if (document.getElementById) {
    res = flip(document.getElementById(szDivId));
  }
  else if (document.all) {
    // this is the way old msie versions work
    res = flip(document.all[szDivId]);
  }
  if(elem) {
    if(res == 0) elem.innerHTML = msg1; else elem.innerHTML = msg2;
  }

}

function toggleAllBoxes() {
  if (document.getElementsByTagName) {
    d = document.getElementsByTagName('div');
    for (i = 0; i < d.length; i++) {
      if (d[i].className == 'log') {
        flip(d[i]);
      }
    }
  }
}

// -->
</script>

</head>
<body>
<h2 align='center'>Test</h2><table border='1' align="center">
<tr>
<td>Tests passed/Failed/Skipped:</td><td>20/2/0</td>
</tr><tr>
<td>Started on:</td><td>Mon Feb 07 16:51:29 IST 2022</td>
</tr>
<tr><td>Total time:</td><td>193 seconds (193262 ms)</td>
</tr><tr>
<td>Included groups:</td><td>Test </td>
</tr><tr>
<td>Excluded groups:</td><td></td>
</tr>
</table><p/>
<small><i>(Hover the method name to see the test class name)</i></small><p/>
<table width='100%' border='1' class='invocation-failed'>
<tr><td colspan='4' align='center'><b>FAILED TESTS</b></td></tr>
<tr><td><b>Test method</b></td>
<td width="30%"><b>Exception</b></td>
<td width="10%"><b>Time (seconds)</b></td>
<td><b>Instance</b></td>
</tr>
<tr>
<td title='com.FlipkartProject.Tests.ProductSpecificationTest.Test_01_changeColorAndStorage()'><b>Test_01_changeColorAndStorage</b><br>Test class: com.FlipkartProject.Tests.ProductSpecificationTest</td>
<td><div><pre>java.lang.AssertionError: expected [APPLE iPhone 12 ( 64 GB GB Storage, 0 GB RAM ) Online at Best Price On Flipkart.com] but found [Buy Apple iPhone 12 ( 128 GB Storage ) Online at Best Price On Flipkart.com]
	at com.FlipkartProject.Tests.ProductSpecificationTest.Test_01_changeColorAndStorage(ProductSpecificationTest.java:36)
... Removed 35 stack frames</pre></div><a href='#' onClick='toggleBox("stack-trace683327178", this, "Click to show all stack frames", "Click to hide stack frames")'>Click to show all stack frames</a>
<div class='stack-trace' id='stack-trace683327178'><pre>java.lang.AssertionError: expected [APPLE iPhone 12 ( 64 GB GB Storage, 0 GB RAM ) Online at Best Price On Flipkart.com] but found [Buy Apple iPhone 12 ( 128 GB Storage ) Online at Best Price On Flipkart.com]
	at org.testng.Assert.fail(Assert.java:96)
	at org.testng.Assert.failNotEquals(Assert.java:776)
	at org.testng.Assert.assertEqualsImpl(Assert.java:137)
	at org.testng.Assert.assertEquals(Assert.java:118)
	at org.testng.Assert.assertEquals(Assert.java:453)
	at org.testng.Assert.assertEquals(Assert.java:463)
	at com.FlipkartProject.Tests.ProductSpecificationTest.Test_01_changeColorAndStorage(ProductSpecificationTest.java:36)
	at java.base/jdk.internal.reflect.NativeMethodAccessorImpl.invoke0(Native Method)
	at java.base/jdk.internal.reflect.NativeMethodAccessorImpl.invoke(NativeMethodAccessorImpl.java:62)
	at java.base/jdk.internal.reflect.DelegatingMethodAccessorImpl.invoke(DelegatingMethodAccessorImpl.java:43)
	at java.base/java.lang.reflect.Method.invoke(Method.java:567)
	at org.testng.internal.MethodInvocationHelper.invokeMethod(MethodInvocationHelper.java:124)
	at org.testng.internal.Invoker.invokeMethod(Invoker.java:583)
	at org.testng.internal.Invoker.invokeTestMethod(Invoker.java:719)
	at org.testng.internal.Invoker.invokeTestMethods(Invoker.java:989)
	at org.testng.internal.TestMethodWorker.invokeTestMethods(TestMethodWorker.java:125)
	at org.testng.internal.TestMethodWorker.run(TestMethodWorker.java:109)
	at org.testng.TestRunner.privateRun(TestRunner.java:648)
	at org.testng.TestRunner.run(TestRunner.java:505)
	at org.testng.SuiteRunner.runTest(SuiteRunner.java:455)
	at org.testng.SuiteRunner.runSequentially(SuiteRunner.java:450)
	at org.testng.SuiteRunner.privateRun(SuiteRunner.java:415)
	at org.testng.SuiteRunner.run(SuiteRunner.java:364)
	at org.testng.SuiteRunnerWorker.runSuite(SuiteRunnerWorker.java:52)
	at org.testng.SuiteRunnerWorker.run(SuiteRunnerWorker.java:84)
	at org.testng.TestNG.runSuitesSequentially(TestNG.java:1208)
	at org.testng.TestNG.runSuitesLocally(TestNG.java:1137)
	at org.testng.TestNG.runSuites(TestNG.java:1049)
	at org.testng.TestNG.run(TestNG.java:1017)
	at org.apache.maven.surefire.testng.TestNGExecutor.run(TestNGExecutor.java:283)
	at org.apache.maven.surefire.testng.TestNGXmlTestSuite.execute(TestNGXmlTestSuite.java:75)
	at org.apache.maven.surefire.testng.TestNGProvider.invoke(TestNGProvider.java:120)
	at org.apache.maven.surefire.booter.ForkedBooter.invokeProviderInSameClassLoader(ForkedBooter.java:384)
	at org.apache.maven.surefire.booter.ForkedBooter.runSuitesInProcess(ForkedBooter.java:345)
	at org.apache.maven.surefire.booter.ForkedBooter.execute(ForkedBooter.java:126)
	at org.apache.maven.surefire.booter.ForkedBooter.main(ForkedBooter.java:418)
</pre></div></td>
<td>4</td>
<td>com.FlipkartProject.Tests.ProductSpecificationTest@680362a</td></tr>
<tr>
<td title='com.FlipkartProject.Tests.LoginTest.Test_01_invalidLogin()'><b>Test_01_invalidLogin</b><br>Test class: com.FlipkartProject.Tests.LoginTest</td>
<td><div><pre>org.openqa.selenium.TimeoutException: Expected condition failed: waiting for presence of element located by: By.xpath: //div[contains(text(),&apos;Naina&apos;)] (tried for 15 second(s) with 500 milliseconds interval)
	at org.openqa.selenium.support.ui.WebDriverWait.timeoutException(WebDriverWait.java:95)
	at org.openqa.selenium.support.ui.FluentWait.until(FluentWait.java:272)
	at com.FlipkartProject.Pages.LoginPage.loginButton(LoginPage.java:57)
	at com.FlipkartProject.Tests.LoginTest.Test_01_invalidLogin(LoginTest.java:36)
Caused by: org.openqa.selenium.NoSuchElementException: no such element: Unable to locate element: {&quot;method&quot;:&quot;xpath&quot;,&quot;selector&quot;:&quot;//div[contains(text(),&apos;Naina&apos;)]&quot;}
  (Session info: headless chrome=97.0.4692.99)
For documentation on this error, please visit: https://www.seleniumhq.org/exceptions/no_such_element.html
Build info: version: &apos;3.141.59&apos;, revision: &apos;e82be7d358&apos;, time: &apos;2018-11-14T08:17:03&apos;
System info: host: &apos;NAINA&apos;, ip: &apos;192.168.101.3&apos;, os.name: &apos;Windows 10&apos;, os.arch: &apos;amd64&apos;, os.version: &apos;10.0&apos;, java.version: &apos;12.0.2&apos;
Driver info: org.openqa.selenium.chrome.ChromeDriver
Capabilities {acceptInsecureCerts: false, browserName: chrome, browserVersion: 97.0.4692.99, chrome: {chromedriverVersion: 97.0.4692.71 (adefa7837d02a..., userDataDir: C:\Users\naina\AppData\Loca...}, goog:chromeOptions: {debuggerAddress: localhost:64737}, javascriptEnabled: true, networkConnectionEnabled: false, pageLoadStrategy: normal, platform: WINDOWS, platformName: WINDOWS, proxy: Proxy(), setWindowRect: true, strictFileInteractability: false, timeouts: {implicit: 0, pageLoad: 300000, script: 30000}, unhandledPromptBehavior: dismiss and notify, webauthn:extension:credBlob: true, webauthn:extension:largeBlob: true, webauthn:virtualAuthenticators: true}
Session ID: 0b466bb7d7f52b59992fb44ec73a3e4d
*** Element info: {Using=xpath, value=//div[contains(text(),&apos;Naina&apos;)]}
	at org.openqa.selenium.remote.http.W3CHttpResponseCodec.createException(W3CHttpResponseCodec.java:187)
	at org.openqa.selenium.remote.http.W3CHttpResponseCodec.decode(W3CHttpResponseCodec.java:122)
	at org.openqa.selenium.remote.http.W3CHttpResponseCodec.decode(W3CHttpResponseCodec.java:49)
	at org.openqa.selenium.remote.HttpCommandExecutor.execute(HttpCommandExecutor.java:158)
	at org.openqa.selenium.remote.service.DriverCommandExecutor.execute(DriverCommandExecutor.java:83)
	at org.openqa.selenium.remote.RemoteWebDriver.execute(RemoteWebDriver.java:552)
	at org.openqa.selenium.remote.RemoteWebDriver.findElement(RemoteWebDriver.java:323)
	at org.openqa.selenium.remote.RemoteWebDriver.findElementByXPath(RemoteWebDriver.java:428)
	at org.openqa.selenium.By$ByXPath.findElement(By.java:353)
	at org.openqa.selenium.remote.RemoteWebDriver.findElement(RemoteWebDriver.java:315)
	at org.openqa.selenium.support.ui.ExpectedConditions$6.apply(ExpectedConditions.java:182)
	at org.openqa.selenium.support.ui.ExpectedConditions$6.apply(ExpectedConditions.java:179)
	at org.openqa.selenium.support.ui.FluentWait.until(FluentWait.java:249)
	... 31 more
... Removed 34 stack frames</pre></div><a href='#' onClick='toggleBox("stack-trace1506648430", this, "Click to show all stack frames", "Click to hide stack frames")'>Click to show all stack frames</a>
<div class='stack-trace' id='stack-trace1506648430'><pre>org.openqa.selenium.TimeoutException: Expected condition failed: waiting for presence of element located by: By.xpath: //div[contains(text(),&apos;Naina&apos;)] (tried for 15 second(s) with 500 milliseconds interval)
	at org.openqa.selenium.support.ui.WebDriverWait.timeoutException(WebDriverWait.java:95)
	at org.openqa.selenium.support.ui.FluentWait.until(FluentWait.java:272)
	at com.FlipkartProject.Pages.LoginPage.loginButton(LoginPage.java:57)
	at com.FlipkartProject.Tests.LoginTest.Test_01_invalidLogin(LoginTest.java:36)
	at java.base/jdk.internal.reflect.NativeMethodAccessorImpl.invoke0(Native Method)
	at java.base/jdk.internal.reflect.NativeMethodAccessorImpl.invoke(NativeMethodAccessorImpl.java:62)
	at java.base/jdk.internal.reflect.DelegatingMethodAccessorImpl.invoke(DelegatingMethodAccessorImpl.java:43)
	at java.base/java.lang.reflect.Method.invoke(Method.java:567)
	at org.testng.internal.MethodInvocationHelper.invokeMethod(MethodInvocationHelper.java:124)
	at org.testng.internal.Invoker.invokeMethod(Invoker.java:583)
	at org.testng.internal.Invoker.invokeTestMethod(Invoker.java:719)
	at org.testng.internal.Invoker.invokeTestMethods(Invoker.java:989)
	at org.testng.internal.TestMethodWorker.invokeTestMethods(TestMethodWorker.java:125)
	at org.testng.internal.TestMethodWorker.run(TestMethodWorker.java:109)
	at org.testng.TestRunner.privateRun(TestRunner.java:648)
	at org.testng.TestRunner.run(TestRunner.java:505)
	at org.testng.SuiteRunner.runTest(SuiteRunner.java:455)
	at org.testng.SuiteRunner.runSequentially(SuiteRunner.java:450)
	at org.testng.SuiteRunner.privateRun(SuiteRunner.java:415)
	at org.testng.SuiteRunner.run(SuiteRunner.java:364)
	at org.testng.SuiteRunnerWorker.runSuite(SuiteRunnerWorker.java:52)
	at org.testng.SuiteRunnerWorker.run(SuiteRunnerWorker.java:84)
	at org.testng.TestNG.runSuitesSequentially(TestNG.java:1208)
	at org.testng.TestNG.runSuitesLocally(TestNG.java:1137)
	at org.testng.TestNG.runSuites(TestNG.java:1049)
	at org.testng.TestNG.run(TestNG.java:1017)
	at org.apache.maven.surefire.testng.TestNGExecutor.run(TestNGExecutor.java:283)
	at org.apache.maven.surefire.testng.TestNGXmlTestSuite.execute(TestNGXmlTestSuite.java:75)
	at org.apache.maven.surefire.testng.TestNGProvider.invoke(TestNGProvider.java:120)
	at org.apache.maven.surefire.booter.ForkedBooter.invokeProviderInSameClassLoader(ForkedBooter.java:384)
	at org.apache.maven.surefire.booter.ForkedBooter.runSuitesInProcess(ForkedBooter.java:345)
	at org.apache.maven.surefire.booter.ForkedBooter.execute(ForkedBooter.java:126)
	at org.apache.maven.surefire.booter.ForkedBooter.main(ForkedBooter.java:418)
Caused by: org.openqa.selenium.NoSuchElementException: no such element: Unable to locate element: {&quot;method&quot;:&quot;xpath&quot;,&quot;selector&quot;:&quot;//div[contains(text(),&apos;Naina&apos;)]&quot;}
  (Session info: headless chrome=97.0.4692.99)
For documentation on this error, please visit: https://www.seleniumhq.org/exceptions/no_such_element.html
Build info: version: &apos;3.141.59&apos;, revision: &apos;e82be7d358&apos;, time: &apos;2018-11-14T08:17:03&apos;
System info: host: &apos;NAINA&apos;, ip: &apos;192.168.101.3&apos;, os.name: &apos;Windows 10&apos;, os.arch: &apos;amd64&apos;, os.version: &apos;10.0&apos;, java.version: &apos;12.0.2&apos;
Driver info: org.openqa.selenium.chrome.ChromeDriver
Capabilities {acceptInsecureCerts: false, browserName: chrome, browserVersion: 97.0.4692.99, chrome: {chromedriverVersion: 97.0.4692.71 (adefa7837d02a..., userDataDir: C:\Users\naina\AppData\Loca...}, goog:chromeOptions: {debuggerAddress: localhost:64737}, javascriptEnabled: true, networkConnectionEnabled: false, pageLoadStrategy: normal, platform: WINDOWS, platformName: WINDOWS, proxy: Proxy(), setWindowRect: true, strictFileInteractability: false, timeouts: {implicit: 0, pageLoad: 300000, script: 30000}, unhandledPromptBehavior: dismiss and notify, webauthn:extension:credBlob: true, webauthn:extension:largeBlob: true, webauthn:virtualAuthenticators: true}
Session ID: 0b466bb7d7f52b59992fb44ec73a3e4d
*** Element info: {Using=xpath, value=//div[contains(text(),&apos;Naina&apos;)]}
	at java.base/jdk.internal.reflect.NativeConstructorAccessorImpl.newInstance0(Native Method)
	at java.base/jdk.internal.reflect.NativeConstructorAccessorImpl.newInstance(NativeConstructorAccessorImpl.java:62)
	at java.base/jdk.internal.reflect.DelegatingConstructorAccessorImpl.newInstance(DelegatingConstructorAccessorImpl.java:45)
	at java.base/java.lang.reflect.Constructor.newInstanceWithCaller(Constructor.java:500)
	at java.base/java.lang.reflect.Constructor.newInstance(Constructor.java:481)
	at org.openqa.selenium.remote.http.W3CHttpResponseCodec.createException(W3CHttpResponseCodec.java:187)
	at org.openqa.selenium.remote.http.W3CHttpResponseCodec.decode(W3CHttpResponseCodec.java:122)
	at org.openqa.selenium.remote.http.W3CHttpResponseCodec.decode(W3CHttpResponseCodec.java:49)
	at org.openqa.selenium.remote.HttpCommandExecutor.execute(HttpCommandExecutor.java:158)
	at org.openqa.selenium.remote.service.DriverCommandExecutor.execute(DriverCommandExecutor.java:83)
	at org.openqa.selenium.remote.RemoteWebDriver.execute(RemoteWebDriver.java:552)
	at org.openqa.selenium.remote.RemoteWebDriver.findElement(RemoteWebDriver.java:323)
	at org.openqa.selenium.remote.RemoteWebDriver.findElementByXPath(RemoteWebDriver.java:428)
	at org.openqa.selenium.By$ByXPath.findElement(By.java:353)
	at org.openqa.selenium.remote.RemoteWebDriver.findElement(RemoteWebDriver.java:315)
	at org.openqa.selenium.support.ui.ExpectedConditions$6.apply(ExpectedConditions.java:182)
	at org.openqa.selenium.support.ui.ExpectedConditions$6.apply(ExpectedConditions.java:179)
	at org.openqa.selenium.support.ui.FluentWait.until(FluentWait.java:249)
	... 31 more
</pre></div></td>
<td>21</td>
<td>com.FlipkartProject.Tests.LoginTest@13e9f2e2</td></tr>
</table><p>
<table width='100%' border='1' class='invocation-passed'>
<tr><td colspan='4' align='center'><b>PASSED TESTS</b></td></tr>
<tr><td><b>Test method</b></td>
<td width="30%"><b>Exception</b></td>
<td width="10%"><b>Time (seconds)</b></td>
<td><b>Instance</b></td>
</tr>
<tr>
<td title='com.FlipkartProject.Tests.ElectronicsTest.Test_01_Electronics()'><b>Test_01_Electronics</b><br>Test class: com.FlipkartProject.Tests.ElectronicsTest</td>
<td></td>
<td>1</td>
<td>com.FlipkartProject.Tests.ElectronicsTest@cd7f1ae</td></tr>
<tr>
<td title='com.FlipkartProject.Tests.AddToCartTest.Test_01_addTOCart()'><b>Test_01_addTOCart</b><br>Test class: com.FlipkartProject.Tests.AddToCartTest</td>
<td></td>
<td>2</td>
<td>com.FlipkartProject.Tests.AddToCartTest@7d0332e1</td></tr>
<tr>
<td title='com.FlipkartProject.Tests.FashionTest.Test_01_fashion()'><b>Test_01_fashion</b><br>Test class: com.FlipkartProject.Tests.FashionTest</td>
<td></td>
<td>1</td>
<td>com.FlipkartProject.Tests.FashionTest@60e949e1</td></tr>
<tr>
<td title='com.FlipkartProject.Tests.GroceryTest.Test_01_groceryPageVerification()'><b>Test_01_groceryPageVerification</b><br>Test class: com.FlipkartProject.Tests.GroceryTest</td>
<td></td>
<td>0</td>
<td>com.FlipkartProject.Tests.GroceryTest@673bb956</td></tr>
<tr>
<td title='com.FlipkartProject.Tests.MyProfileTest.Test_01_myAddress()'><b>Test_01_myAddress</b><br>Test class: com.FlipkartProject.Tests.MyProfileTest</td>
<td></td>
<td>5</td>
<td>com.FlipkartProject.Tests.MyProfileTest@1f651cd8</td></tr>
<tr>
<td title='com.FlipkartProject.Tests.MyOrdersTest.Test_01_myOrders()'><b>Test_01_myOrders</b><br>Test class: com.FlipkartProject.Tests.MyOrdersTest</td>
<td></td>
<td>5</td>
<td>com.FlipkartProject.Tests.MyOrdersTest@3569edd5</td></tr>
<tr>
<td title='com.FlipkartProject.Tests.PageNavigationTest.Test_01_navigation()'><b>Test_01_navigation</b><br>Test class: com.FlipkartProject.Tests.PageNavigationTest</td>
<td></td>
<td>1</td>
<td>com.FlipkartProject.Tests.PageNavigationTest@3c4bc9fc</td></tr>
<tr>
<td title='com.FlipkartProject.Tests.FiltersTest.Test_01_popularityFilter()'><b>Test_01_popularityFilter</b><br>Test class: com.FlipkartProject.Tests.FiltersTest</td>
<td></td>
<td>1</td>
<td>com.FlipkartProject.Tests.FiltersTest@7a356a0d</td></tr>
<tr>
<td title='com.FlipkartProject.Tests.SearchProductTest.Test_01_searchAndAddToWishlist()'><b>Test_01_searchAndAddToWishlist</b><br>Test class: com.FlipkartProject.Tests.SearchProductTest</td>
<td></td>
<td>3</td>
<td>com.FlipkartProject.Tests.SearchProductTest@c827db</td></tr>
<tr>
<td title='com.FlipkartProject.Tests.MyOrdersTest.Test_02_OrderIn2020()'><b>Test_02_OrderIn2020</b><br>Test class: com.FlipkartProject.Tests.MyOrdersTest</td>
<td></td>
<td>5</td>
<td>com.FlipkartProject.Tests.MyOrdersTest@3569edd5</td></tr>
<tr>
<td title='com.FlipkartProject.Tests.ProductSpecificationTest.Test_02_changePincode()'><b>Test_02_changePincode</b><br>Test class: com.FlipkartProject.Tests.ProductSpecificationTest</td>
<td></td>
<td>3</td>
<td>com.FlipkartProject.Tests.ProductSpecificationTest@680362a</td></tr>
<tr>
<td title='com.FlipkartProject.Tests.SearchProductTest.Test_02_deleteFromWishlist()'><b>Test_02_deleteFromWishlist</b><br>Test class: com.FlipkartProject.Tests.SearchProductTest</td>
<td></td>
<td>4</td>
<td>com.FlipkartProject.Tests.SearchProductTest@c827db</td></tr>
<tr>
<td title='com.FlipkartProject.Tests.MyProfileTest.Test_02_deleteSavedAddress()'><b>Test_02_deleteSavedAddress</b><br>Test class: com.FlipkartProject.Tests.MyProfileTest</td>
<td></td>
<td>4</td>
<td>com.FlipkartProject.Tests.MyProfileTest@1f651cd8</td></tr>
<tr>
<td title='com.FlipkartProject.Tests.GroceryTest.Test_02_groceryProductSearch()'><b>Test_02_groceryProductSearch</b><br>Test class: com.FlipkartProject.Tests.GroceryTest</td>
<td></td>
<td>0</td>
<td>com.FlipkartProject.Tests.GroceryTest@673bb956</td></tr>
<tr>
<td title='com.FlipkartProject.Tests.FiltersTest.Test_02_priceLowToHigh()'><b>Test_02_priceLowToHigh</b><br>Test class: com.FlipkartProject.Tests.FiltersTest</td>
<td></td>
<td>1</td>
<td>com.FlipkartProject.Tests.FiltersTest@7a356a0d</td></tr>
<tr>
<td title='com.FlipkartProject.Tests.LoginTest.Test_02_validLogin()'><b>Test_02_validLogin</b><br>Test class: com.FlipkartProject.Tests.LoginTest</td>
<td></td>
<td>2</td>
<td>com.FlipkartProject.Tests.LoginTest@13e9f2e2</td></tr>
<tr>
<td title='com.FlipkartProject.Tests.MyOrdersTest.Test_03_ReviewOrder()'><b>Test_03_ReviewOrder</b><br>Test class: com.FlipkartProject.Tests.MyOrdersTest</td>
<td></td>
<td>7</td>
<td>com.FlipkartProject.Tests.MyOrdersTest@3569edd5</td></tr>
<tr>
<td title='com.FlipkartProject.Tests.ProductSpecificationTest.Test_03_Reviews()'><b>Test_03_Reviews</b><br>Test class: com.FlipkartProject.Tests.ProductSpecificationTest</td>
<td></td>
<td>1</td>
<td>com.FlipkartProject.Tests.ProductSpecificationTest@680362a</td></tr>
<tr>
<td title='com.FlipkartProject.Tests.LoginTest.Test_03_logout()'><b>Test_03_logout</b><br>Test class: com.FlipkartProject.Tests.LoginTest</td>
<td></td>
<td>2</td>
<td>com.FlipkartProject.Tests.LoginTest@13e9f2e2</td></tr>
<tr>
<td title='com.FlipkartProject.Tests.FiltersTest.Test_03_priceHighToLow()'><b>Test_03_priceHighToLow</b><br>Test class: com.FlipkartProject.Tests.FiltersTest</td>
<td></td>
<td>1</td>
<td>com.FlipkartProject.Tests.FiltersTest@7a356a0d</td></tr>
</table><p>
</body>
</html>