<!DOCTYPE html PUBLIC "-//W3C//DTD XHTML 1.1//EN" "http://www.w3.org/TR/xhtml11/DTD/xhtml11.dtd">
<html xmlns="http://www.w3.org/1999/xhtml">
<head>
<meta http-equiv="content-type" content="text/html; charset=UTF-8"/>
<title>TestNG Report</title>
<style type="text/css">table {margin-bottom:10px;border-collapse:collapse;empty-cells:show}th,td {border:1px solid #009;padding:.25em .5em}th {vertical-align:bottom}td {vertical-align:top}table a {font-weight:bold}.stripe td {background-color: #E6EBF9}.num {text-align:right}.passedodd td {background-color: #3F3}.passedeven td {background-color: #0A0}.skippedodd td {background-color: #DDD}.skippedeven td {background-color: #CCC}.failedodd td,.attn {background-color: #F33}.failedeven td,.stripe .attn {background-color: #D00}.stacktrace {white-space:pre;font-family:monospace}.totop {font-size:85%;text-align:center;border-bottom:2px solid #000}.invisible {display:none}</style>
</head>
<body>
<table>
<tr><th>Test</th><th># Passed</th><th># Skipped</th><th># Failed</th><th>Time (ms)</th><th>Included Groups</th><th>Excluded Groups</th></tr>
<tr><th colspan="7">Suite</th></tr>
<tr><td><a href="#t0">Test</a></td><td class="num">20</td><td class="num">0</td><td class="num attn">2</td><td class="num">193,262</td><td>Test</td><td></td></tr>
</table>
<table id='summary'><thead><tr><th>Class</th><th>Method</th><th>Start</th><th>Time (ms)</th></tr></thead><tbody><tr><th colspan="4">Suite</th></tr></tbody><tbody id="t0"><tr><th colspan="4">Test &#8212; failed</th></tr><tr class="failedeven"><td rowspan="1">com.FlipkartProject.Tests.LoginTest</td><td><a href="#m0">Test_01_invalidLogin</a></td><td rowspan="1">1644232900440</td><td rowspan="1">21296</td></tr><tr class="failedodd"><td rowspan="1">com.FlipkartProject.Tests.ProductSpecificationTest</td><td><a href="#m1">Test_01_changeColorAndStorage</a></td><td rowspan="1">1644232970860</td><td rowspan="1">4021</td></tr><tr><th colspan="4">Test &#8212; passed</th></tr><tr class="passedeven"><td rowspan="1">com.FlipkartProject.Tests.AddToCartTest</td><td><a href="#m2">Test_01_addTOCart</a></td><td rowspan="1">1644233038559</td><td rowspan="1">2236</td></tr><tr class="passedodd"><td rowspan="1">com.FlipkartProject.Tests.ElectronicsTest</td><td><a href="#m3">Test_01_Electronics</a></td><td rowspan="1">1644232949095</td><td rowspan="1">1512</td></tr><tr class="passedeven"><td rowspan="1">com.FlipkartProject.Tests.FashionTest</td><td><a href="#m4">Test_01_fashion</a></td><td rowspan="1">1644232956632</td><td rowspan="1">1611</td></tr><tr class="passedodd"><td rowspan="3">com.FlipkartProject.Tests.FiltersTest</td><td><a href="#m5">Test_01_popularityFilter</a></td><td rowspan="1">1644233056396</td><td rowspan="1">1220</td></tr><tr class="passedodd"><td><a href="#m6">Test_02_priceLowToHigh</a></td><td rowspan="1">1644233061316</td><td rowspan="1">1117</td></tr><tr class="passedodd"><td><a href="#m7">Test_03_priceHighToLow</a></td><td rowspan="1">1644233066264</td><td rowspan="1">1164</td></tr><tr class="passedeven"><td rowspan="2">com.FlipkartProject.Tests.GroceryTest</td><td><a href="#m8">Test_01_groceryPageVerification</a></td><td rowspan="1">1644232940649</td><td rowspan="1">198</td></tr><tr class="passedeven"><td><a href="#m9">Test_02_groceryProductSearch</a></td><td rowspan="1">1644232944453</td><td rowspan="1">471</td></tr><tr class="passedodd"><td rowspan="2">com.FlipkartProject.Tests.LoginTest</td><td><a href="#m10">Test_02_validLogin</a></td><td rowspan="1">1644232927710</td><td rowspan="1">2642</td></tr><tr class="passedodd"><td><a href="#m11">Test_03_logout</a></td><td rowspan="1">1644232933979</td><td rowspan="1">2672</td></tr><tr class="passedeven"><td rowspan="3">com.FlipkartProject.Tests.MyOrdersTest</td><td><a href="#m12">Test_01_myOrders</a></td><td rowspan="1">1644232990879</td><td rowspan="1">5513</td></tr><tr class="passedeven"><td><a href="#m13">Test_02_OrderIn2020</a></td><td rowspan="1">1644232999868</td><td rowspan="1">5242</td></tr><tr class="passedeven"><td><a href="#m14">Test_03_ReviewOrder</a></td><td rowspan="1">1644233008708</td><td rowspan="1">7219</td></tr><tr class="passedodd"><td rowspan="2">com.FlipkartProject.Tests.MyProfileTest</td><td><a href="#m15">Test_01_myAddress</a></td><td rowspan="1">1644233020747</td><td rowspan="1">5684</td></tr><tr class="passedodd"><td><a href="#m16">Test_02_deleteSavedAddress</a></td><td rowspan="1">1644233030740</td><td rowspan="1">4142</td></tr><tr class="passedeven"><td rowspan="1">com.FlipkartProject.Tests.PageNavigationTest</td><td><a href="#m17">Test_01_navigation</a></td><td rowspan="1">1644232965971</td><td rowspan="1">1152</td></tr><tr class="passedodd"><td rowspan="2">com.FlipkartProject.Tests.ProductSpecificationTest</td><td><a href="#m18">Test_02_changePincode</a></td><td rowspan="1">1644232978844</td><td rowspan="1">3012</td></tr><tr class="passedodd"><td><a href="#m19">Test_03_Reviews</a></td><td rowspan="1">1644232985322</td><td rowspan="1">1973</td></tr><tr class="passedeven"><td rowspan="2">com.FlipkartProject.Tests.SearchProductTest</td><td><a href="#m20">Test_01_searchAndAddToWishlist</a></td><td rowspan="1">1644233071051</td><td rowspan="1">3945</td></tr><tr class="passedeven"><td><a href="#m21">Test_02_deleteFromWishlist</a></td><td rowspan="1">1644233078654</td><td rowspan="1">4189</td></tr></tbody>
</table>
<h2>Test</h2><h3 id="m0">com.FlipkartProject.Tests.LoginTest#Test_01_invalidLogin</h3><table class="result"><tr><th>Exception</th></tr><tr><td><div class="stacktrace">org.openqa.selenium.TimeoutException: Expected condition failed: waiting for presence of element located by: By.xpath: //div[contains(text(),&apos;Naina&apos;)] (tried for 15 second(s) with 500 milliseconds interval)
	at org.openqa.selenium.support.ui.WebDriverWait.timeoutException(WebDriverWait.java:95)
	at org.openqa.selenium.support.ui.FluentWait.until(FluentWait.java:272)
	at com.FlipkartProject.Pages.LoginPage.loginButton(LoginPage.java:57)
	at com.FlipkartProject.Tests.LoginTest.Test_01_invalidLogin(LoginTest.java:36)
Caused by: org.openqa.selenium.NoSuchElementException: no such element: Unable to locate element: {&quot;method&quot;:&quot;xpath&quot;,&quot;selector&quot;:&quot;//div[contains(text(),&apos;Naina&apos;)]&quot;}
  (Session info: headless chrome=97.0.4692.99)
For documentation on this error, please visit: https://www.seleniumhq.org/exceptions/no_such_element.html
Build info: version: &apos;3.141.59&apos;, revision: &apos;e82be7d358&apos;, time: &apos;2018-11-14T08:17:03&apos;
System info: host: &apos;NAINA&apos;, ip: &apos;192.168.101.3&apos;, os.name: &apos;Windows 10&apos;, os.arch: &apos;amd64&apos;, os.version: &apos;10.0&apos;, java.version: &apos;12.0.2&apos;
Driver info: org.openqa.selenium.chrome.ChromeDriver
Capabilities {acceptInsecureCerts: false, browserName: chrome, browserVersion: 97.0.4692.99, chrome: {chromedriverVersion: 97.0.4692.71 (adefa7837d02a..., userDataDir: C:\Users\naina\AppData\Loca...}, goog:chromeOptions: {debuggerAddress: localhost:64737}, javascriptEnabled: true, networkConnectionEnabled: false, pageLoadStrategy: normal, platform: WINDOWS, platformName: WINDOWS, proxy: Proxy(), setWindowRect: true, strictFileInteractability: false, timeouts: {implicit: 0, pageLoad: 300000, script: 30000}, unhandledPromptBehavior: dismiss and notify, webauthn:extension:credBlob: true, webauthn:extension:largeBlob: true, webauthn:virtualAuthenticators: true}
Session ID: 0b466bb7d7f52b59992fb44ec73a3e4d
*** Element info: {Using=xpath, value=//div[contains(text(),&apos;Naina&apos;)]}
	at org.openqa.selenium.remote.http.W3CHttpResponseCodec.createException(W3CHttpResponseCodec.java:187)
	at org.openqa.selenium.remote.http.W3CHttpResponseCodec.decode(W3CHttpResponseCodec.java:122)
	at org.openqa.selenium.remote.http.W3CHttpResponseCodec.decode(W3CHttpResponseCodec.java:49)
	at org.openqa.selenium.remote.HttpCommandExecutor.execute(HttpCommandExecutor.java:158)
	at org.openqa.selenium.remote.service.DriverCommandExecutor.execute(DriverCommandExecutor.java:83)
	at org.openqa.selenium.remote.RemoteWebDriver.execute(RemoteWebDriver.java:552)
	at org.openqa.selenium.remote.RemoteWebDriver.findElement(RemoteWebDriver.java:323)
	at org.openqa.selenium.remote.RemoteWebDriver.findElementByXPath(RemoteWebDriver.java:428)
	at org.openqa.selenium.By$ByXPath.findElement(By.java:353)
	at org.openqa.selenium.remote.RemoteWebDriver.findElement(RemoteWebDriver.java:315)
	at org.openqa.selenium.support.ui.ExpectedConditions$6.apply(ExpectedConditions.java:182)
	at org.openqa.selenium.support.ui.ExpectedConditions$6.apply(ExpectedConditions.java:179)
	at org.openqa.selenium.support.ui.FluentWait.until(FluentWait.java:249)
	... 31 more
... Removed 34 stack frames</div></td></tr></table><p class="totop"><a href="#summary">back to summary</a></p>
<h3 id="m1">com.FlipkartProject.Tests.ProductSpecificationTest#Test_01_changeColorAndStorage</h3><table class="result"><tr><th>Exception</th></tr><tr><td><div class="stacktrace">java.lang.AssertionError: expected [APPLE iPhone 12 ( 64 GB GB Storage, 0 GB RAM ) Online at Best Price On Flipkart.com] but found [Buy Apple iPhone 12 ( 128 GB Storage ) Online at Best Price On Flipkart.com]
	at com.FlipkartProject.Tests.ProductSpecificationTest.Test_01_changeColorAndStorage(ProductSpecificationTest.java:36)
... Removed 35 stack frames</div></td></tr></table><p class="totop"><a href="#summary">back to summary</a></p>
<h3 id="m2">com.FlipkartProject.Tests.AddToCartTest#Test_01_addTOCart</h3><table class="result"><tr><th class="invisible"/></tr></table><p class="totop"><a href="#summary">back to summary</a></p>
<h3 id="m3">com.FlipkartProject.Tests.ElectronicsTest#Test_01_Electronics</h3><table class="result"><tr><th class="invisible"/></tr></table><p class="totop"><a href="#summary">back to summary</a></p>
<h3 id="m4">com.FlipkartProject.Tests.FashionTest#Test_01_fashion</h3><table class="result"><tr><th class="invisible"/></tr></table><p class="totop"><a href="#summary">back to summary</a></p>
<h3 id="m5">com.FlipkartProject.Tests.FiltersTest#Test_01_popularityFilter</h3><table class="result"><tr><th class="invisible"/></tr></table><p class="totop"><a href="#summary">back to summary</a></p>
<h3 id="m6">com.FlipkartProject.Tests.FiltersTest#Test_02_priceLowToHigh</h3><table class="result"><tr><th class="invisible"/></tr></table><p class="totop"><a href="#summary">back to summary</a></p>
<h3 id="m7">com.FlipkartProject.Tests.FiltersTest#Test_03_priceHighToLow</h3><table class="result"><tr><th class="invisible"/></tr></table><p class="totop"><a href="#summary">back to summary</a></p>
<h3 id="m8">com.FlipkartProject.Tests.GroceryTest#Test_01_groceryPageVerification</h3><table class="result"><tr><th class="invisible"/></tr></table><p class="totop"><a href="#summary">back to summary</a></p>
<h3 id="m9">com.FlipkartProject.Tests.GroceryTest#Test_02_groceryProductSearch</h3><table class="result"><tr><th class="invisible"/></tr></table><p class="totop"><a href="#summary">back to summary</a></p>
<h3 id="m10">com.FlipkartProject.Tests.LoginTest#Test_02_validLogin</h3><table class="result"><tr><th class="invisible"/></tr></table><p class="totop"><a href="#summary">back to summary</a></p>
<h3 id="m11">com.FlipkartProject.Tests.LoginTest#Test_03_logout</h3><table class="result"><tr><th class="invisible"/></tr></table><p class="totop"><a href="#summary">back to summary</a></p>
<h3 id="m12">com.FlipkartProject.Tests.MyOrdersTest#Test_01_myOrders</h3><table class="result"><tr><th class="invisible"/></tr></table><p class="totop"><a href="#summary">back to summary</a></p>
<h3 id="m13">com.FlipkartProject.Tests.MyOrdersTest#Test_02_OrderIn2020</h3><table class="result"><tr><th class="invisible"/></tr></table><p class="totop"><a href="#summary">back to summary</a></p>
<h3 id="m14">com.FlipkartProject.Tests.MyOrdersTest#Test_03_ReviewOrder</h3><table class="result"><tr><th class="invisible"/></tr></table><p class="totop"><a href="#summary">back to summary</a></p>
<h3 id="m15">com.FlipkartProject.Tests.MyProfileTest#Test_01_myAddress</h3><table class="result"><tr><th class="invisible"/></tr></table><p class="totop"><a href="#summary">back to summary</a></p>
<h3 id="m16">com.FlipkartProject.Tests.MyProfileTest#Test_02_deleteSavedAddress</h3><table class="result"><tr><th class="invisible"/></tr></table><p class="totop"><a href="#summary">back to summary</a></p>
<h3 id="m17">com.FlipkartProject.Tests.PageNavigationTest#Test_01_navigation</h3><table class="result"><tr><th class="invisible"/></tr></table><p class="totop"><a href="#summary">back to summary</a></p>
<h3 id="m18">com.FlipkartProject.Tests.ProductSpecificationTest#Test_02_changePincode</h3><table class="result"><tr><th class="invisible"/></tr></table><p class="totop"><a href="#summary">back to summary</a></p>
<h3 id="m19">com.FlipkartProject.Tests.ProductSpecificationTest#Test_03_Reviews</h3><table class="result"><tr><th class="invisible"/></tr></table><p class="totop"><a href="#summary">back to summary</a></p>
<h3 id="m20">com.FlipkartProject.Tests.SearchProductTest#Test_01_searchAndAddToWishlist</h3><table class="result"><tr><th class="invisible"/></tr></table><p class="totop"><a href="#summary">back to summary</a></p>
<h3 id="m21">com.FlipkartProject.Tests.SearchProductTest#Test_02_deleteFromWishlist</h3><table class="result"><tr><th class="invisible"/></tr></table><p class="totop"><a href="#summary">back to summary</a></p>
</body>
</html>
